This is pdfTeX, Version 3.1415926-2.5-1.40.14 (TeX Live 2013/Debian) (format=prv_thesis 2016.1.9)  9 JAN 2016 19:01
entering extended mode
 restricted \write18 enabled.
 %&-line parsing enabled.
**&prv_thesis _region_.tex
(./_region_.tex
LaTeX2e <2011/06/27>
Babel <3.9h> and hyphenation patterns for 2 languages loaded.
CUSTOMISED FORMAT. Preloaded files:
        .
tulthesis.cls    2015/11/12 TUL thesis class version 1.2
  report.cls    2007/10/19 v1.4h Standard LaTeX document class
  size12.clo    2007/10/19 v1.4h Standard LaTeX file (size option)
     tul.sty    2015/11/12 version 1.2
  ifthen.sty    2001/05/26 v1.1c Standard LaTeX ifthen package (DPC)
graphicx.sty    1999/02/16 v1.0f Enhanced LaTeX Graphics (DPC,SPQR)
  keyval.sty    1999/03/16 v1.13 key=value parser (DPC)
graphics.sty    2009/02/05 v1.0o Standard LaTeX Graphics (DPC,SPQR)
    trig.sty    1999/03/16 v1.09 sin cos tan (DPC)
graphics.cfg    2010/04/23 v1.9 graphics configuration of TeX Live
  pdftex.def    2011/05/27 v0.06d Graphics/color for pdfTeX
infwarerr.sty    2010/04/08 v1.3 Providing info/warning/error messages (HO)
 ltxcmds.sty    2011/11/09 v1.22 LaTeX kernel commands for general use (HO)
  xcolor.sty    2007/01/21 v2.11 LaTeX color extensions (UK)
   color.cfg    2007/01/18 v1.5 color configuration of teTeX/TeXLive
fancyhdr.sty    
titlesec.sty    2011/12/15 v2.10.0 Sectioning titles
tabularx.sty    1999/01/07 v2.07 `tabularx' package (DPC)
   array.sty    2008/09/09 v2.4c Tabular extension package (FMi)
   babel.sty    2013/12/03 3.9h The Babel package
   czech.ldf    2008/07/06 v3.1a Czech support from the babel system
inputenc.sty    2008/03/30 v1.1d Input encoding file
    utf8.def    2008/04/05 v1.1m UTF-8 support for inputenc
   t1enc.dfu    2008/04/05 v1.1m UTF-8 support for inputenc
  ot1enc.dfu    2008/04/05 v1.1m UTF-8 support for inputenc
  omsenc.dfu    2008/04/05 v1.1m UTF-8 support for inputenc
        .
(./_region_.aux)
LaTeX Font Info:    Checking defaults for OML/cmm/m/it on input line 12.
LaTeX Font Info:    ... okay on input line 12.
LaTeX Font Info:    Checking defaults for T1/cmr/m/n on input line 12.
LaTeX Font Info:    ... okay on input line 12.
LaTeX Font Info:    Checking defaults for OT1/cmr/m/n on input line 12.
LaTeX Font Info:    ... okay on input line 12.
LaTeX Font Info:    Checking defaults for OMS/cmsy/m/n on input line 12.
LaTeX Font Info:    ... okay on input line 12.
LaTeX Font Info:    Checking defaults for OMX/cmex/m/n on input line 12.
LaTeX Font Info:    ... okay on input line 12.
LaTeX Font Info:    Checking defaults for U/cmr/m/n on input line 12.
LaTeX Font Info:    ... okay on input line 12.
 (/usr/local/share/texmf/tex/latex/preview/preview.sty
Package: preview 2010/02/14 11.89 (AUCTeX/preview-latex)

(/usr/local/share/texmf/tex/latex/preview/prtightpage.def
\PreviewBorder=\dimen118
)
(/usr/local/share/texmf/tex/latex/preview/prauctex.def
No auxiliary output files.


\hbadness=\count94
\hfuzz=\dimen119
(/usr/local/share/texmf/tex/latex/preview/prauctex.cfg))
(/usr/local/share/texmf/tex/latex/preview/prfootnotes.def)
\pr@snippet=\count95
\pr@box=\box31
\pr@output=\toks20

Preview: Fontsize 12pt
Preview: PDFoutput 1
) (/usr/share/texlive/texmf-dist/tex/context/base/supp-pdf.mkii
[Loading MPS to PDF converter (version 2006.09.02).]
\scratchcounter=\count96
\scratchdimen=\dimen120
\scratchbox=\box32
\nofMPsegments=\count97
\nofMParguments=\count98
\everyMPshowfont=\toks21
\MPscratchCnt=\count99
\MPscratchDim=\dimen121
\MPnumerator=\count100
\makeMPintoPDFobject=\count101
\everyMPtoPDFconversion=\toks22
) (/usr/share/texlive/texmf-dist/tex/generic/oberdiek/pdftexcmds.sty
Package: pdftexcmds 2011/11/29 v0.20 Utility functions of pdfTeX for LuaTeX (HO
)

(/usr/share/texlive/texmf-dist/tex/generic/oberdiek/ifluatex.sty
Package: ifluatex 2010/03/01 v1.3 Provides the ifluatex switch (HO)
Package ifluatex Info: LuaTeX not detected.
)
(/usr/share/texlive/texmf-dist/tex/generic/oberdiek/ifpdf.sty
Package: ifpdf 2011/01/30 v2.3 Provides the ifpdf switch (HO)
Package ifpdf Info: pdfTeX in PDF mode is detected.
)
Package pdftexcmds Info: LuaTeX not detected.
Package pdftexcmds Info: \pdf@primitive is available.
Package pdftexcmds Info: \pdf@ifprimitive is available.
Package pdftexcmds Info: \pdfdraftmode found.
)
(/usr/share/texlive/texmf-dist/tex/latex/oberdiek/epstopdf-base.sty
Package: epstopdf-base 2010/02/09 v2.5 Base part for package epstopdf

(/usr/share/texlive/texmf-dist/tex/latex/oberdiek/grfext.sty
Package: grfext 2010/08/19 v1.1 Manage graphics extensions (HO)

(/usr/share/texlive/texmf-dist/tex/generic/oberdiek/kvdefinekeys.sty
Package: kvdefinekeys 2011/04/07 v1.3 Define keys (HO)
))
(/usr/share/texlive/texmf-dist/tex/latex/oberdiek/kvoptions.sty
Package: kvoptions 2011/06/30 v3.11 Key value format for package options (HO)

(/usr/share/texlive/texmf-dist/tex/generic/oberdiek/kvsetkeys.sty
Package: kvsetkeys 2012/04/25 v1.16 Key value parser (HO)

(/usr/share/texlive/texmf-dist/tex/generic/oberdiek/etexcmds.sty
Package: etexcmds 2011/02/16 v1.5 Avoid name clashes with e-TeX commands (HO)
Package etexcmds Info: Could not find \expanded.
(etexcmds)             That can mean that you are not using pdfTeX 1.50 or
(etexcmds)             that some package has redefined \expanded.
(etexcmds)             In the latter case, load this package earlier.
)))
Package grfext Info: Graphics extension search list:
(grfext)             [.png,.pdf,.jpg,.mps,.jpeg,.jbig2,.jb2,.PNG,.PDF,.JPG,.JPE
G,.JBIG2,.JB2,.eps]
(grfext)             \AppendGraphicsExtensions on input line 452.

(/usr/share/texlive/texmf-dist/tex/latex/latexconfig/epstopdf-sys.cfg
File: epstopdf-sys.cfg 2010/07/13 v1.3 Configuration of (r)epstopdf for TeX Liv
e
))
 !name(thesis.tex) !offset(-3) 
! Preview: Snippet 1 started.
<-><->
      
l.16 \ThesisStart{male}
                       
Not a real error.

<logo-fm.pdf, id=1, 254.6062pt x 45.03696pt>
File: logo-fm.pdf Graphic file (type pdf)
 <use logo-fm.pdf>
Package pdftex.def Info: logo-fm.pdf used on input line 16.
(pdftex.def)             Requested size: 254.60558pt x 45.03682pt.

Preview: Tightpage -32891 -32891 32891 32891
! Preview: Snippet 1 ended.(2951533+0x16685831).
<-><->
      
l.16 \ThesisStart{male}
                       
Not a real error.

[1 </home/sharp/texmf/tex/tul/logo-fm.pdf>]
! Preview: Snippet 2 started.
<-><->
      
l.16 \ThesisStart{male}
                       
Not a real error.

<logo-fm-en.pdf, id=10, 262.84398pt x 44.71245pt>
File: logo-fm-en.pdf Graphic file (type pdf)
 <use logo-fm-en.pdf>
Package pdftex.def Info: logo-fm-en.pdf used on input line 16.
(pdftex.def)             Requested size: 262.84334pt x 44.71233pt.

! Preview: Snippet 2 ended.(2930267+0x17225701).
<-><->
      
l.16 \ThesisStart{male}
                       
Not a real error.

[2 </home/sharp/texmf/tex/tul/logo-fm-en.pdf>]
LaTeX Font Info:    Try loading font information for OMS+cmr on input line 16.

(/usr/share/texlive/texmf-dist/tex/latex/base/omscmr.fd
File: omscmr.fd 1999/05/25 v2.5h Standard LaTeX font definitions
)
LaTeX Font Info:    Font shape `OMS/cmr/m/n' in size <12> not available
(Font)              Font shape `OMS/cmsy/m/n' tried instead on input line 16.

! Preview: Snippet 3 started.
<-><->
      
l.27 \tableofcontents
                     
Not a real error.

! Preview: Snippet 3 ended.(4915200+491525x27970197).
<-><->
      
l.27 \tableofcontents
                     
Not a real error.

[3

{/var/lib/texmf/fonts/map/pdftex/updmap/pdftex.map}]
No file _region_.toc.
! Preview: Snippet 4 started.
<-><->
      
l.32 \chapter
             {Úvod}
Not a real error.

Kapitola 1.
! Preview: Snippet 4 ended.(4915200+491525x27970197).
<-><->
      
l.32 \chapter{Úvod}
                    
Not a real error.

[4




] ) 
Here is how much of TeX's memory you used:
 908 strings out of 492317
 13898 string characters out of 6149219
 121680 words of memory out of 5000000
 6738 multiletter control sequences out of 15000+600000
 11572 words of font info for 40 fonts, out of 8000000 for 9000
 14 hyphenation exceptions out of 8191
 38i,11n,45p,246b,310s stack positions out of 5000i,500n,10000p,200000b,80000s
</usr/share/texlive/texmf-dist/fonts/type1/public/amsfonts/cm/cmssbx10.pfb>
Output written on _region_.pdf (4 pages, 29807 bytes).
PDF statistics:
 29 PDF objects out of 1000 (max. 8388607)
 19 compressed objects within 1 object stream
 0 named destinations out of 1000 (max. 500000)
 11 words of extra memory for PDF output out of 10000 (max. 10000000)

